app/seeds.txt
com.yzd.android.mcs_phone.R$anim: int abc_fade_in
com.yzd.android.mcs_phone.R$anim: int abc_fade_out
com.yzd.android.mcs_phone.R$anim: int abc_grow_fade_in_from_bottom
com.yzd.android.mcs_phone.R$anim: int abc_popup_enter
com.yzd.android.mcs_phone.R$anim: int abc_popup_exit
com.yzd.android.mcs_phone.R$anim: int abc_shrink_fade_out_from_bottom
com.yzd.android.mcs_phone.R$anim: int abc_slide_in_bottom
com.yzd.android.mcs_phone.R$anim: int abc_slide_in_top
com.yzd.android.mcs_phone.R$anim: int abc_slide_out_bottom
com.yzd.android.mcs_phone.R$anim: int abc_slide_out_top
com.yzd.android.mcs_phone.R$anim: int bottom_in
com.yzd.android.mcs_phone.R$anim: int bottom_out
com.yzd.android.mcs_phone.R$anim: int cycle_2
com.yzd.android.mcs_phone.R$anim: int decelerate_cubic
com.yzd.android.mcs_phone.R$anim: int fab_in
com.yzd.android.mcs_phone.R$anim: int fab_out
com.yzd.android.mcs_phone.R$anim: int fade_in
com.yzd.android.mcs_phone.R$anim: int fade_out
com.yzd.android.mcs_phone.R$anim: int item_duang_show
com.yzd.android.mcs_phone.R$anim: int item_duang_show2
com.yzd.android.mcs_phone.R$anim: int left_in
com.yzd.android.mcs_phone.R$anim: int left_out
com.yzd.android.mcs_phone.R$anim: int popup_enter
com.yzd.android.mcs_phone.R$anim: int popup_exit
com.yzd.android.mcs_phone.R$anim: int right_in
com.yzd.android.mcs_phone.R$anim: int right_out
com.yzd.android.mcs_phone.R$anim: int rv_layout_animation
com.yzd.android.mcs_phone.R$anim: int scale_in
com.yzd.android.mcs_phone.R$animator: int indicator_animator
com.yzd.android.mcs_phone.R$animator: int indicator_animator_reverse
com.yzd.android.mcs_phone.R$animator: int indicator_no_animator
com.yzd.android.mcs_phone.R$animator: int scale_with_alpha
com.yzd.android.mcs_phone.R$array: int air_list
com.yzd.android.mcs_phone.R$array: int channel_list
com.yzd.android.mcs_phone.R$array: int gplus_colors
com.yzd.android.mcs_phone.R$array: int music_list
com.yzd.android.mcs_phone.R$array: int navigation_head_default_list
com.yzd.android.mcs_phone.R$array: int navigation_head_highlight_list
com.yzd.android.mcs_phone.R$array: int navigation_list
com.yzd.android.mcs_phone.R$array: int navigation_list_color
com.yzd.android.mcs_phone.R$array: int navigation_subtitle_list
com.yzd.android.mcs_phone.R$array: int projector_list
com.yzd.android.mcs_phone.R$array: int situation_list_color
com.yzd.android.mcs_phone.R$array: int situation_subtitle_list
com.yzd.android.mcs_phone.R$array: int situation_title_list
com.yzd.android.mcs_phone.R$array: int umeng_fb_contact_key_array
com.yzd.android.mcs_phone.R$array: int umeng_fb_contact_type_array
com.yzd.android.mcs_phone.R$array: int umeng_fb_tabs_title
...
android.support.v7.appcompat.R$attr: int actionBarDivider
android.support.v7.appcompat.R$attr: int actionBarItemBackground
android.support.v7.appcompat.R$attr: int actionBarPopupTheme
android.support.v7.appcompat.R$attr: int actionBarSize
android.support.v7.appcompat.R$attr: int actionBarSplitStyle
android.support.v7.appcompat.R$attr: int actionBarStyle
android.support.v7.appcompat.R$attr: int actionBarTabBarStyle
android.support.v7.appcompat.R$attr: int actionBarTabStyle
android.support.v7.appcompat.R$attr: int actionBarTabTextStyle
android.support.v7.appcompat.R$attr: int actionBarTheme
android.support.v7.appcompat.R$attr: int actionBarWidgetTheme
android.support.v7.appcompat.R$attr: int actionButtonStyle
android.support.v7.appcompat.R$attr: int actionDropDownStyle
android.support.v7.appcompat.R$attr: int actionLayout
android.support.v7.appcompat.R$attr: int actionMenuTextAppearance
android.support.v7.appcompat.R$attr: int actionMenuTextColor
android.support.v7.appcompat.R$attr: int actionModeBackground
android.support.v7.appcompat.R$attr: int actionModeCloseButtonStyle
android.support.v7.appcompat.R$attr: int actionModeCloseDrawable
android.support.v7.appcompat.R$attr: int actionModeCopyDrawable
android.support.v7.appcompat.R$attr: int actionModeCutDrawable
android.support.v7.appcompat.R$attr: int actionModeFindDrawable
android.support.v7.appcompat.R$attr: int actionModePasteDrawable
android.support.v7.appcompat.R$attr: int actionModePopupWindowStyle
android.support.v7.appcompat.R$bool: int abc_action_bar_embed_tabs
android.support.v7.appcompat.R$bool: int abc_action_bar_embed_tabs_pre_jb
android.support.v7.appcompat.R$bool: int abc_action_bar_expanded_action_views_exclusive
android.support.v7.appcompat.R$bool: int abc_config_actionMenuItemAllCaps
android.support.v7.appcompat.R$bool: int abc_config_allowActionMenuItemTextWithIcon
android.support.v7.appcompat.R$bool: int abc_config_closeDialogWhenTouchOutside
android.support.v7.appcompat.R$bool: int abc_config_showMenuShortcutsWhenKeyboardPresent
android.support.v7.appcompat.R$color: int abc_background_cache_hint_selector_material_dark
android.support.v7.appcompat.R$color: int abc_background_cache_hint_selector_material_light
android.support.v7.appcompat.R$color: int abc_input_method_navigation_guard
android.support.v7.appcompat.R$color: int abc_primary_text_disable_only_material_dark
android.support.v7.appcompat.R$color: int abc_primary_text_disable_only_material_light
android.support.v7.appcompat.R$color: int abc_primary_text_material_dark
android.support.v7.appcompat.R$color: int abc_primary_text_material_light
android.support.v7.appcompat.R$color: int abc_search_url_text
android.support.v7.appcompat.R$color: int abc_search_url_text_normal
android.support.v7.appcompat.R$color: int abc_search_url_text_pressed
android.support.v7.appcompat.R$color: int abc_search_url_text_selected
android.support.v7.appcompat.R$color: int abc_secondary_text_material_dark
android.support.v7.appcompat.R$color: int abc_secondary_text_material_light
android.support.v7.appcompat.R$color: int accent_material_dark
android.support.v7.appcompat.R$color: int accent_material_light
android.support.v7.appcompat.R$color: int background_floating_material_dark
android.support.v7.appcompat.R$color: int background_floating_material_light
android.support.v7.appcompat.R$color: int background_material_dark
android.support.v7.appcompat.R$color: int background_material_light
android.support.v7.appcompat.R$color: int bright_foreground_disabled_material_dark