app/mapping.txt
com.yzd.android.mcs_phone.R -> com.yzd.android.mcs_phone.a:
com.yzd.android.mcs_phone.R$styleable -> com.yzd.android.mcs_phone.b:
    int[] AbsListView -> AbsListView
    int AbsListView_cacheColorHint -> AbsListView_cacheColorHint
    int AbsListView_choiceMode -> AbsListView_choiceMode
    int AbsListView_drawSelectorOnTop -> AbsListView_drawSelectorOnTop
    int AbsListView_fastScrollAlwaysVisible -> AbsListView_fastScrollAlwaysVisible
    int AbsListView_fastScrollEnabled -> AbsListView_fastScrollEnabled
    int AbsListView_listSelector -> AbsListView_listSelector
    int AbsListView_scrollingCache -> AbsListView_scrollingCache
    int AbsListView_smoothScrollbar -> AbsListView_smoothScrollbar
    int AbsListView_stackFromBottom -> AbsListView_stackFromBottom
    int AbsListView_textFilterEnabled -> AbsListView_textFilterEnabled
    int AbsListView_transcriptMode -> AbsListView_transcriptMode
    int[] ActionBar -> ActionBar
    int ActionBar_background -> ActionBar_background
    int ActionBar_backgroundSplit -> ActionBar_backgroundSplit
    int ActionBar_backgroundStacked -> ActionBar_backgroundStacked
    int ActionBar_contentInsetEnd -> ActionBar_contentInsetEnd
    int ActionBar_contentInsetLeft -> ActionBar_contentInsetLeft
    int ActionBar_contentInsetRight -> ActionBar_contentInsetRight
    int ActionBar_contentInsetStart -> ActionBar_contentInsetStart
    int ActionBar_customNavigationLayout -> ActionBar_customNavigationLayout
    int ActionBar_displayOptions -> ActionBar_displayOptions
com.yzd.android.mcs_phone.api.Constants -> com.yzd.android.mcs_phone.api.a:
    int STARTAPP_DELAY -> a
    int MY_SOCKET_TIMEOUT_MS -> b
    int DAYMODE -> c
    int NIGHTMODE -> d
    int SAVEMODE -> e
    int MEETMODE -> f
    int PLAYMODE -> g
    int SHOWMODE -> h
    int OFFMODE -> i
    java.lang.String SERVERIP -> j
    java.lang.String SERVERPORT -> k
    java.lang.String IP -> l
    java.lang.String SENDPORT -> m
    java.lang.String RECEIVEPORT -> n
    java.lang.String DEFAULT_IP -> o
    int DEFAULT_SENDPORT -> p
    int DEFAULT_RECEIVEPORT -> q
    java.lang.String DEFAULT_SERVER_IP -> r
    java.lang.String DEFAULT_SERVER_PORT -> s
    java.lang.String SELECTORROOM -> t
    java.lang.String SERVICES_DATA_VERSION -> u
    java.lang.String LIGHT_PARCELABLE -> v
    void <clinit>() -> <clinit>
com.yzd.android.mcs_phone.api.Constants$URL -> com.yzd.android.mcs_phone.api.b:
    java.lang.String INIT_DATA -> a
    java.lang.String INIT_CODE -> b
    void <clinit>() -> <clinit>
com.yzd.android.mcs_phone.api.McsApplication -> com.yzd.android.mcs_phone.api.McsApplication:
    boolean DebugMode -> a
    void <init>() -> <init>
    boolean isDebugMode() -> b
    void onCreate() -> onCreate
    boolean getNewFeature() -> c
    void initImageLoader(android.content.Context) -> a
    void exitApp() -> d
...
com.afollestad.materialdialogs.MaterialDialog -> com.afollestad.materialdialogs.MaterialDialog:
    com.afollestad.materialdialogs.MaterialDialog$Builder mBuilder -> b
    android.widget.ListView listView -> c
    android.widget.ImageView icon -> d
    android.widget.TextView title -> e
    android.view.View titleFrame -> f
    android.widget.FrameLayout customViewFrame -> g
    android.widget.ProgressBar mProgress -> h
    android.widget.TextView mProgressLabel -> i
    android.widget.TextView mProgressMinMax -> j
    android.widget.TextView content -> k
    android.widget.EditText input -> l
    android.widget.TextView inputMinMax -> m
    com.afollestad.materialdialogs.internal.MDButton positiveButton -> n
    com.afollestad.materialdialogs.internal.MDButton neutralButton -> o
    com.afollestad.materialdialogs.internal.MDButton negativeButton -> p
    com.afollestad.materialdialogs.MaterialDialog$ListType listType -> q
    java.util.List selectedIndicesList -> r
    android.os.Handler mHandler -> s
    com.afollestad.materialdialogs.MaterialDialog$Builder getBuilder() -> b
    void <init>(com.afollestad.materialdialogs.MaterialDialog$Builder) -> <init>
    void setTypeface(android.widget.TextView,android.graphics.Typeface) -> a
    void checkIfListInitScroll() -> c
    void invalidateList() -> d
    void onItemClick(android.widget.AdapterView,android.view.View,int,long) -> onItemClick
    android.graphics.drawable.Drawable getListSelector() -> e
com.afollestad.materialdialogs.MaterialDialog$1 -> com.afollestad.materialdialogs.h:
    com.afollestad.materialdialogs.MaterialDialog this$0 -> a
    void <init>(com.afollestad.materialdialogs.MaterialDialog) -> <init>
    void onGlobalLayout() -> onGlobalLayout
com.afollestad.materialdialogs.MaterialDialog$1$1 -> com.afollestad.materialdialogs.i:
    int val$fScrollIndex -> a
    com.afollestad.materialdialogs.MaterialDialog$1 this$1 -> b
    void <init>(com.afollestad.materialdialogs.MaterialDialog$1,int) -> <init>
    void run() -> run
com.afollestad.materialdialogs.MaterialDialog$3 -> com.afollestad.materialdialogs.j:
    com.afollestad.materialdialogs.MaterialDialog this$0 -> a
    void <init>(com.afollestad.materialdialogs.MaterialDialog) -> <init>
    void beforeTextChanged(java.lang.CharSequence,int,int,int) -> beforeTextChanged
    void onTextChanged(java.lang.CharSequence,int,int,int) -> onTextChanged
    void afterTextChanged(android.text.Editable) -> afterTextChanged
com.afollestad.materialdialogs.MaterialDialog$4 -> com.afollestad.materialdialogs.k:
    int[] $SwitchMap$com$afollestad$materialdialogs$DialogAction -> a
    int[] $SwitchMap$com$afollestad$materialdialogs$MaterialDialog$ListType -> b
    void <clinit>() -> <clinit>