app/unused.txt
com.yzd.android.mcs_phone.BuildConfig
com.yzd.android.mcs_phone.R:
    10:10:public R()
com.yzd.android.mcs_phone.R$anim
com.yzd.android.mcs_phone.R$animator
com.yzd.android.mcs_phone.R$array
com.yzd.android.mcs_phone.R$attr
com.yzd.android.mcs_phone.R$bool
com.yzd.android.mcs_phone.R$color
com.yzd.android.mcs_phone.R$dimen
com.yzd.android.mcs_phone.R$drawable
com.yzd.android.mcs_phone.R$id
com.yzd.android.mcs_phone.R$integer
com.yzd.android.mcs_phone.R$layout
com.yzd.android.mcs_phone.R$menu
com.yzd.android.mcs_phone.R$mipmap
com.yzd.android.mcs_phone.R$string
com.yzd.android.mcs_phone.R$style
com.yzd.android.mcs_phone.R$styleable:
    7602:7602:public R$styleable()
com.yzd.android.mcs_phone.R$xml
com.yzd.android.mcs_phone.api.Constants:
    6:6:public Constants()
com.yzd.android.mcs_phone.api.Constants$BROADCAST
com.yzd.android.mcs_phone.api.Constants$DB
com.yzd.android.mcs_phone.api.Constants$EQUIPMENT
com.yzd.android.mcs_phone.api.Constants$SP
com.yzd.android.mcs_phone.api.Constants$URL:
    72:72:public Constants$URL()
com.yzd.android.mcs_phone.api.EvenBusConstants
com.yzd.android.mcs_phone.api.McsApplication:
    26:27:public void setDebugMode(boolean)
com.yzd.android.mcs_phone.api.MusicConstants
com.yzd.android.mcs_phone.api.UdpSend:
    6:6:public UdpSend()
com.yzd.android.mcs_phone.api.UdpSend$AIRCONDITION:
    36:36:public UdpSend$AIRCONDITION()
com.yzd.android.mcs_phone.api.UdpSend$CURTAIN:
    131:131:public UdpSend$CURTAIN()
com.yzd.android.mcs_phone.api.UdpSend$FAN
com.yzd.android.mcs_phone.api.UdpSend$PROJECTION:
    82:82:public UdpSend$PROJECTION()
com.yzd.android.mcs_phone.api.UdpSend$TV:
    111:111:public UdpSend$TV()
com.yzd.android.mcs_phone.base.activity.BaseActivity:
    61:62:public void showError(java.lang.String)
    66:67:public void showException(java.lang.String)
    71:72:public void showNetError()
    76:77:public void showLoading(java.lang.String)
    81:82:public void hideLoading()
com.yzd.android.mcs_phone.base.activity.BaseSwipeBackActivity:
    54:54:protected com.yzd.android.mcs_phone.api.McsApplication getBaseApplication()
    60:61:public void showError(java.lang.String)
    65:66:public void showException(java.lang.String)
    70:71:public void showNetError()
    75:76:public void showLoading(java.lang.String)
    80:81:public void hideLoading()
com.yzd.android.mcs_phone.base.fragment.BaseFragment:
    26:27:public void showError(java.lang.String)
    31:32:public void showException(java.lang.String)
    36:37:public void showNetError()
    41:42:public void showLoading(java.lang.String)
    46:47:public void hideLoading()
com.yzd.android.mcs_phone.bean.database.AirEntity:
    private java.lang.String code
    23:23:public com.yzd.android.mcs_phone.bean.database.BoardRoomEntity getBoardRoomEntity()
    34:34:public int getBoardRoomId()
    42:43:public void setName(java.lang.String)
    46:47:public void setCode(java.lang.String)
    54:54:public java.lang.String getCode()
com.yzd.android.mcs_phone.bean.database.AudioEntity:
    private java.lang.String name
    private java.lang.String code
    22:22:public com.yzd.android.mcs_phone.bean.database.BoardRoomEntity getBoardRoomEntity()
    33:33:public int getBoardRoomId()
    41:42:public void setName(java.lang.String)
    45:46:public void setCode(java.lang.String)
    49:49:public java.lang.String getName()
    53:53:public java.lang.String getCode()
com.yzd.android.mcs_phone.bean.database.BoardRoom:
    24:24:public java.util.List boardRooms()
    28:29:public void setVersion(int)
    32:33:public void setBoardRoom(java.util.List)
com.yzd.android.mcs_phone.bean.database.BoardRoomEntity:
    private java.lang.String typeName
    31:31:public com.yzd.android.mcs_phone.bean.database.BoardRoom getBoardRoom()
    86:87:public void setTypeName(java.lang.String)
    90:91:public void setTypeId(int)
    122:122:public java.lang.String getTypeName()
...
com.github.obsessive.library.base.BaseAppManager:
    74:74:public int size()
    78:78:public synchronized android.app.Activity getForwardActivity()
    101:107:public synchronized void clearToTop()
com.github.obsessive.library.base.BaseFragmentActivity:
    protected abstract void onEventComming(com.github.obsessive.library.eventbus.EventCenter)
    289:291:protected void readyGo(java.lang.Class)
    300:305:protected void readyGo(java.lang.Class,android.os.Bundle)
    313:316:protected void readyGoThenKill(java.lang.Class)
    325:331:protected void readyGoThenKill(java.lang.Class,android.os.Bundle)
    340:342:protected void readyGoForResult(java.lang.Class,int)
    352:357:protected void readyGoForResult(java.lang.Class,int,android.os.Bundle)
    365:368:protected void showToast(java.lang.String)
    376:385:protected void toggleShowLoading(boolean,java.lang.String)
    393:402:protected void toggleShowEmpty(boolean,java.lang.String,android.view.View$OnClickListener)
    410:419:protected void toggleShowError(boolean,java.lang.String,android.view.View$OnClickListener)
    427:436:protected void toggleNetworkError(boolean,android.view.View$OnClickListener)
    439:442:public void onEventMainThread(com.github.obsessive.library.eventbus.EventCenter)
    450:461:protected void setSystemBarTintDrawable(android.graphics.drawable.Drawable)
com.github.obsessive.library.base.BaseLazyFragment:
    protected abstract void onEventComming(com.github.obsessive.library.eventbus.EventCenter)
    protected abstract void onEventComming(java.util.List)
    280:285:protected void readyGo(java.lang.Class,android.os.Bundle)
    294:296:protected void readyGoForResult(java.lang.Class,int)
    306:311:protected void readyGoForResult(java.lang.Class,int,android.os.Bundle)
    319:322:protected void showToast(java.lang.String)
    330:339:protected void toggleShowLoading(boolean,java.lang.String)
    347:356:protected void toggleShowEmpty(boolean,java.lang.String,android.view.View$OnClickListener)
    364:373:protected void toggleShowError(boolean,java.lang.String,android.view.View$OnClickListener)
    381:390:protected void toggleNetworkError(boolean,android.view.View$OnClickListener)
    393:396:public void onEventMainThread(com.github.obsessive.library.eventbus.EventCenter)
    399:402:public void onEventMainThread(java.util.List)
com.github.obsessive.library.base.BaseSwipeBackCompatActivity:
    59:59:public com.github.obsessive.library.swipeback.SwipeBackLayout getSwipeBackLayout()
    64:65:public void setSwipeBackEnable(boolean)
    69:71:public void scrollToFinishActivity()
com.github.obsessive.library.base.BaseSwipeBackFragmentActivity:
    59:59:public com.github.obsessive.library.swipeback.SwipeBackLayout getSwipeBackLayout()
    64:65:public void setSwipeBackEnable(boolean)
    69:71:public void scrollToFinishActivity()
com.github.obsessive.library.base.BaseWebActivity:
    public static final java.lang.String BUNDLE_KEY_URL
    public static final java.lang.String BUNDLE_KEY_TITLE
    public static final java.lang.String BUNDLE_KEY_SHOW_BOTTOM_BAR
    65:65:protected void onEventComming(com.github.obsessive.library.eventbus.EventCenter)
com.github.obsessive.library.blur.ImageBlur
com.github.obsessive.library.blur.ImageBlurManager
com.github.obsessive.library.eventbus.EventCenter:
    53:53:public int getEventCode()
    62:62:public java.lang.Object getData()
    66:66:public int getPosition()
com.github.obsessive.library.listener.BaseHttpListener:
    public abstract void onException(java.lang.String)
com.github.obsessive.library.listener.IRecyclerViewCheckBoxListener
com.github.obsessive.library.loading.IVaryViewHelper:
    public abstract android.view.View getCurrentLayout()
    public abstract void restoreView()
    public abstract void showLayout(android.view.View)
    public abstract android.view.View inflate(int)
    public abstract android.content.Context getContext()
    public abstract android.view.View getView()